2025-01-21 21:23:13,831 - INFO - Load pretrained SentenceTransformer: thenlper/gte-large-zh
2025-01-21 21:24:02,895 - INFO - Load pretrained SentenceTransformer: thenlper/gte-large-zh
2025-01-21 21:35:00,165 - DEBUG - Building prefix dict from the default dictionary ...
2025-01-21 21:35:00,165 - DEBUG - Loading model from cache /home/fengmingjian/src/src_2/jieba-dict.txt
2025-01-21 21:35:00,783 - DEBUG - Loading model cost 0.618 seconds.
2025-01-21 21:35:00,783 - DEBUG - Prefix dict has been built successfully.
2025-01-21 21:35:46,984 - DEBUG - Building prefix dict from the default dictionary ...
2025-01-21 21:35:46,985 - DEBUG - Loading model from cache /home/fengmingjian/src/src_2/jieba-dict.txt
2025-01-21 21:35:47,640 - DEBUG - Loading model cost 0.655 seconds.
2025-01-21 21:35:47,640 - DEBUG - Prefix dict has been built successfully.
2025-01-22 00:27:14,055 - INFO - Load pretrained SentenceTransformer: thenlper/gte-large-zh
2025-01-22 01:08:19,888 - INFO - Load pretrained SentenceTransformer: thenlper/gte-large-zh
2025-01-22 01:20:04,183 - DEBUG - Building prefix dict from the default dictionary ...
2025-01-22 01:20:04,183 - DEBUG - Loading model from cache /home/fengmingjian/src/src_2/jieba-dict.txt
2025-01-22 01:20:04,818 - DEBUG - Loading model cost 0.635 seconds.
2025-01-22 01:20:04,818 - DEBUG - Prefix dict has been built successfully.
2025-01-22 01:37:49,557 - INFO - Load pretrained SentenceTransformer: thenlper/gte-large-zh
2025-01-22 01:49:33,978 - DEBUG - Building prefix dict from the default dictionary ...
2025-01-22 01:49:33,991 - DEBUG - Loading model from cache /home/fengmingjian/src/src_2/jieba-dict.txt
2025-01-22 01:49:34,731 - DEBUG - Loading model cost 0.753 seconds.
2025-01-22 01:49:34,731 - DEBUG - Prefix dict has been built successfully.
2025-01-22 02:02:32,245 - INFO - Load pretrained SentenceTransformer: thenlper/gte-large-zh
2025-01-22 02:14:17,252 - DEBUG - Building prefix dict from the default dictionary ...
2025-01-22 02:14:17,266 - DEBUG - Loading model from cache /home/fengmingjian/src/src_2/jieba-dict.txt
2025-01-22 02:14:17,957 - DEBUG - Loading model cost 0.705 seconds.
2025-01-22 02:14:17,957 - DEBUG - Prefix dict has been built successfully.
2025-03-27 00:37:21,782 - INFO - PyTorch version 2.0.1 available.
2025-03-27 00:37:21,951 - INFO - Load pretrained SentenceTransformer: thenlper/gte-large-zh
2025-03-27 00:49:05,124 - DEBUG - Building prefix dict from the default dictionary ...
2025-03-27 00:49:05,124 - DEBUG - Loading model from cache /home/fengmingjian/src/src_2/jieba-dict.txt
2025-03-27 00:49:05,737 - DEBUG - Loading model cost 0.613 seconds.
2025-03-27 00:49:05,738 - DEBUG - Prefix dict has been built successfully.
2025-03-28 00:25:04,648 - INFO - PyTorch version 2.0.1 available.
2025-03-28 00:25:04,821 - INFO - Load pretrained SentenceTransformer: thenlper/gte-large-zh
2025-03-28 00:26:02,874 - INFO - PyTorch version 2.0.1 available.
2025-03-28 00:26:03,028 - INFO - Load pretrained SentenceTransformer: thenlper/gte-large-zh
2025-03-28 00:28:03,549 - INFO - PyTorch version 2.0.1 available.
2025-03-28 00:28:03,705 - INFO - Load pretrained SentenceTransformer: thenlper/gte-large-zh
2025-03-28 00:28:49,178 - INFO - PyTorch version 2.0.1 available.
2025-03-28 00:28:49,333 - INFO - Load pretrained SentenceTransformer: thenlper/gte-large-zh
2025-03-28 00:36:46,820 - DEBUG - Building prefix dict from the default dictionary ...
2025-03-28 00:36:46,821 - DEBUG - Loading model from cache /home/fengmingjian/src/src_2/jieba-dict.txt
2025-03-28 00:36:47,478 - DEBUG - Loading model cost 0.657 seconds.
2025-03-28 00:36:47,478 - DEBUG - Prefix dict has been built successfully.
2025-03-28 00:37:43,990 - DEBUG - Building prefix dict from the default dictionary ...
2025-03-28 00:37:43,990 - DEBUG - Loading model from cache /home/fengmingjian/src/src_2/jieba-dict.txt
2025-03-28 00:37:44,670 - DEBUG - Loading model cost 0.680 seconds.
2025-03-28 00:37:44,671 - DEBUG - Prefix dict has been built successfully.
2025-03-28 00:39:49,512 - DEBUG - Building prefix dict from the default dictionary ...
2025-03-28 00:39:49,512 - DEBUG - Loading model from cache /home/fengmingjian/src/src_2/jieba-dict.txt
2025-03-28 00:39:50,264 - DEBUG - Loading model cost 0.753 seconds.
2025-03-28 00:39:50,265 - DEBUG - Prefix dict has been built successfully.
2025-03-28 00:40:36,407 - DEBUG - Building prefix dict from the default dictionary ...
2025-03-28 00:40:36,408 - DEBUG - Loading model from cache /home/fengmingjian/src/src_2/jieba-dict.txt
2025-03-28 00:40:37,043 - DEBUG - Loading model cost 0.636 seconds.
2025-03-28 00:40:37,043 - DEBUG - Prefix dict has been built successfully.
2025-03-28 01:22:22,252 - INFO - PyTorch version 2.0.1 available.
2025-03-28 01:22:22,470 - INFO - Load pretrained SentenceTransformer: thenlper/gte-large
2025-03-28 01:24:19,909 - INFO - PyTorch version 2.0.1 available.
2025-03-28 01:24:20,073 - INFO - Load pretrained SentenceTransformer: thenlper/gte-large-zh
2025-03-28 01:25:42,827 - INFO - PyTorch version 2.0.1 available.
2025-03-28 01:25:42,984 - INFO - Load pretrained SentenceTransformer: thenlper/gte-large-zh
2025-03-28 01:27:29,514 - INFO - PyTorch version 2.0.1 available.
2025-03-28 01:27:29,676 - INFO - Load pretrained SentenceTransformer: thenlper/gte-large
2025-03-28 01:36:05,398 - DEBUG - Building prefix dict from the default dictionary ...
2025-03-28 01:36:05,399 - DEBUG - Loading model from cache /home/fengmingjian/src/src_2/jieba-dict.txt
2025-03-28 01:36:06,071 - DEBUG - Loading model cost 0.672 seconds.
2025-03-28 01:36:06,071 - DEBUG - Prefix dict has been built successfully.
2025-03-31 22:57:01,245 - INFO - PyTorch version 2.0.1 available.
2025-03-31 22:57:01,418 - INFO - Load pretrained SentenceTransformer: thenlper/gte-large
